# Logfile created on 2014-01-13 18:01:48 +0000 by logger.rb/44203
I, [2014-01-13T18:01:48.004185 #13587]  INFO -- : 0:  timers (1.1.0) from /usr/local/lib/ruby/gems/2.1.0/specifications/timers-1.1.0.gemspec
I, [2014-01-13T18:01:48.017957 #13587]  INFO -- : 0:  celluloid (0.15.2) from /usr/local/lib/ruby/gems/2.1.0/specifications/celluloid-0.15.2.gemspec
I, [2014-01-13T18:01:48.018349 #13587]  INFO -- : 0:  coderay (1.1.0) from /usr/local/lib/ruby/gems/2.1.0/specifications/coderay-1.1.0.gemspec
I, [2014-01-13T18:01:48.018654 #13587]  INFO -- : 0:  diff-lcs (1.2.5) from /usr/local/lib/ruby/gems/2.1.0/specifications/diff-lcs-1.2.5.gemspec
I, [2014-01-13T18:01:48.021181 #13587]  INFO -- : 0:  ffi (1.9.3) from /usr/local/lib/ruby/gems/2.1.0/specifications/ffi-1.9.3.gemspec
I, [2014-01-13T18:01:48.021461 #13587]  INFO -- : 0:  formatador (0.2.4) from /usr/local/lib/ruby/gems/2.1.0/specifications/formatador-0.2.4.gemspec
I, [2014-01-13T18:01:48.021734 #13587]  INFO -- : 0:  rb-fsevent (0.9.4) from /usr/local/lib/ruby/gems/2.1.0/specifications/rb-fsevent-0.9.4.gemspec
I, [2014-01-13T18:01:48.022002 #13587]  INFO -- : 0:  rb-inotify (0.9.3) from /usr/local/lib/ruby/gems/2.1.0/specifications/rb-inotify-0.9.3.gemspec
I, [2014-01-13T18:01:48.022251 #13587]  INFO -- : 0:  listen (2.4.0) from /usr/local/lib/ruby/gems/2.1.0/specifications/listen-2.4.0.gemspec
I, [2014-01-13T18:01:48.022536 #13587]  INFO -- : 0:  lumberjack (1.0.4) from /usr/local/lib/ruby/gems/2.1.0/specifications/lumberjack-1.0.4.gemspec
I, [2014-01-13T18:01:48.022787 #13587]  INFO -- : 0:  method_source (0.8.2) from /usr/local/lib/ruby/gems/2.1.0/specifications/method_source-0.8.2.gemspec
I, [2014-01-13T18:01:48.023044 #13587]  INFO -- : 0:  slop (3.4.7) from /usr/local/lib/ruby/gems/2.1.0/specifications/slop-3.4.7.gemspec
I, [2014-01-13T18:01:48.023301 #13587]  INFO -- : 0:  pry (0.9.12.4) from /usr/local/lib/ruby/gems/2.1.0/specifications/pry-0.9.12.4.gemspec
I, [2014-01-13T18:01:48.023574 #13587]  INFO -- : 0:  thor (0.18.1) from /usr/local/lib/ruby/gems/2.1.0/specifications/thor-0.18.1.gemspec
I, [2014-01-13T18:01:48.023880 #13587]  INFO -- : 0:  guard (2.2.5) from /usr/local/lib/ruby/gems/2.1.0/specifications/guard-2.2.5.gemspec
I, [2014-01-13T18:01:48.024176 #13587]  INFO -- : 0:  rspec-core (2.14.7) from /usr/local/lib/ruby/gems/2.1.0/specifications/rspec-core-2.14.7.gemspec
I, [2014-01-13T18:01:48.024458 #13587]  INFO -- : 0:  rspec-expectations (2.14.4) from /usr/local/lib/ruby/gems/2.1.0/specifications/rspec-expectations-2.14.4.gemspec
I, [2014-01-13T18:01:48.024743 #13587]  INFO -- : 0:  rspec-mocks (2.14.4) from /usr/local/lib/ruby/gems/2.1.0/specifications/rspec-mocks-2.14.4.gemspec
I, [2014-01-13T18:01:48.025017 #13587]  INFO -- : 0:  rspec (2.14.1) from /usr/local/lib/ruby/gems/2.1.0/specifications/rspec-2.14.1.gemspec
I, [2014-01-13T18:01:48.025273 #13587]  INFO -- : 0:  guard-rspec (4.2.4) from /usr/local/lib/ruby/gems/2.1.0/specifications/guard-rspec-4.2.4.gemspec
I, [2014-01-13T18:01:48.025512 #13587]  INFO -- : 0:  bundler (1.5.1) from /usr/local/lib/ruby/gems/2.1.0/specifications/bundler-1.5.1.gemspec
